<?xml version="1.0" encoding="UTF-8"?>
<testng-results skipped="0" failed="0" ignored="0" total="3" passed="3">
  <reporter-output>
  </reporter-output>
  <suite name="Default suite" duration-ms="127" started-at="2018-11-04T09:38:59Z" finished-at="2018-11-04T09:38:59Z">
    <groups>
    </groups>
    <test name="Default test" duration-ms="127" started-at="2018-11-04T09:38:59Z" finished-at="2018-11-04T09:38:59Z">
      <class name="com.y.AppTest">
        <test-method status="PASS" signature="test1()[pri:0, instance:com.y.AppTest@57baeedf]" name="test1" duration-ms="33" started-at="2018-11-04T09:38:59Z" finished-at="2018-11-04T09:38:59Z">
          <reporter-output>
          </reporter-output>
        </test-method> <!-- test1 -->
        <test-method status="PASS" signature="test2()[pri:0, instance:com.y.AppTest@57baeedf]" name="test2" duration-ms="7" started-at="2018-11-04T09:38:59Z" finished-at="2018-11-04T09:38:59Z">
          <reporter-output>
          </reporter-output>
        </test-method> <!-- test2 -->
        <test-method status="PASS" signature="test3()[pri:0, instance:com.y.AppTest@57baeedf]" name="test3" duration-ms="3" started-at="2018-11-04T09:38:59Z" finished-at="2018-11-04T09:38:59Z">
          <reporter-output>
          </reporter-output>
        </test-method> <!-- test3 -->
      </class> <!-- com.y.AppTest -->
    </test> <!-- Default test -->
  </suite> <!-- Default suite -->
</testng-results>
